[11-Mar-2024 23:29:58 UTC] PHP Warning:  Undefined array key "wp-global-site-tag-snippets" in /wordpress/wp-content/plugins/wp-global-site-tag/admin/class-wp-global-site-tag-admin.php on line 446
[11-Mar-2024 23:29:58 UTC] PHP Warning:  Trying to access array offset on value of type bool in /wordpress/wp-content/plugins/wp-global-site-tag/admin/class-wp-global-site-tag-admin.php on line 449
[11-Mar-2024 23:30:04 UTC] PHP Warning:  Undefined array key "wp-global-site-tag-snippets" in /wordpress/wp-content/plugins/wp-global-site-tag/admin/class-wp-global-site-tag-admin.php on line 446
[11-Mar-2024 23:42:13 UTC] PHP Warning:  Undefined variable $parent_theme_name in /wordpress/wp-content/plugins/one-click-child-theme-main/templates/create_child_form.php on line 18
[11-Mar-2024 23:49:11 UTC] PHP Fatal error:  Uncaught Error: [] operator not supported for strings in /wordpress/wp-content/plugins/ecommerce-product-catalog/includes/settings/tooltips.php:218
Stack trace:
#0 /wordpress/wp-includes/class-wp-hook.php(3): implecode_ajax_wp_tooltip_hide('')
#1 /wordpress/wp-includes/class-wp-hook.php(3): WP_Hook->apply_filters('', Array)
#2 /wordpress/wp-includes/plugin.php(2): WP_Hook->do_action(Array)
#3 /wordpress/wp-admin/admin-ajax.php(2): do_action('wp_ajax_impleco...')
#4 {main}
  thrown in /wordpress/wp-content/plugins/ecommerce-product-catalog/includes/settings/tooltips.php on line 218
[11-Mar-2024 23:50:25 UTC] PHP Fatal error:  Out of memory (allocated 31457280) (tried to allocate 2097152 bytes) in /wordpress/wp-content/plugins/ecommerce-product-catalog/modules/cart/includes/shopping-cart.php on line 26
[12-Mar-2024 00:00:07 UTC] PHP Warning:  get_headers(): https:// wrapper is disabled in the server configuration by allow_url_fopen=0 in /wordpress/wp-content/plugins/ecommerce-product-catalog/modules/cart/includes/cart/ic_cached_cart.php on line 47
[12-Mar-2024 00:00:07 UTC] PHP Warning:  get_headers(): This function may only be used against URLs in /wordpress/wp-content/plugins/ecommerce-product-catalog/modules/cart/includes/cart/ic_cached_cart.php on line 47
[12-Mar-2024 00:15:01 UTC] PHP Warning:  get_headers(): https:// wrapper is disabled in the server configuration by allow_url_fopen=0 in /wordpress/wp-content/plugins/ecommerce-product-catalog/modules/cart/includes/cart/ic_cached_cart.php on line 47
[12-Mar-2024 00:15:01 UTC] PHP Warning:  get_headers(): This function may only be used against URLs in /wordpress/wp-content/plugins/ecommerce-product-catalog/modules/cart/includes/cart/ic_cached_cart.php on line 47
[12-Mar-2024 00:17:56 UTC] PHP Warning:  Undefined array key "wp-global-site-tag-snippets" in /wordpress/wp-content/plugins/wp-global-site-tag/admin/class-wp-global-site-tag-admin.php on line 446
[31-Mar-2024 20:13:57 UTC] PHP Notice:  An unexpected error occurred. Something may be wrong with WordPress.org or this server&#8217;s configuration. If you continue to have problems, please try the <a href="https://wordpress.org/support/forums/">support forums</a>. (WordPress could not establish a secure connection to WordPress.org. Please contact your server administrator.) in /wordpress/wp-includes/update.php on line 2
[31-Mar-2024 20:13:57 UTC] PHP Warning:  get_headers(): Unable to find the wrapper &quot;https&quot; - did you forget to enable it when you configured PHP? in /wordpress/wp-content/plugins/ecommerce-product-catalog/modules/cart/includes/cart/ic_cached_cart.php on line 47
[31-Mar-2024 20:13:57 UTC] PHP Warning:  get_headers(): This function may only be used against URLs in /wordpress/wp-content/plugins/ecommerce-product-catalog/modules/cart/includes/cart/ic_cached_cart.php on line 47
[31-Mar-2024 20:14:12 UTC] PHP Warning:  Undefined array key "wp-global-site-tag-snippets" in /wordpress/wp-content/plugins/wp-global-site-tag/admin/class-wp-global-site-tag-admin.php on line 446
[31-Mar-2024 20:17:53 UTC] PHP Warning:  An unexpected error occurred. Something may be wrong with WordPress.org or this server&#8217;s configuration. If you continue to have problems, please try the <a href="https://wordpress.org/support/forums/">support forums</a>. (WordPress could not establish a secure connection to WordPress.org. Please contact your server administrator.) in /wordpress/wp-admin/includes/translation-install.php on line 2
[31-Mar-2024 20:20:25 UTC] WordPress database error <div style="clear:both">&nbsp;</div>
<div class="queries" style="clear:both;margin-bottom:2px;border:red dotted thin;">
<p>MySQL query:</p>
<p>UPDATE `wp_options` SET `option_value` = NULL WHERE `option_name` = 'WPLANG'</p>
<p>Queries made or created this session were:</p>
<ol>
<li>Executing: BEGIN | (no parameters)</li>
<li>Executing: UPDATE `wp_options` SET `option_value` = NULL WHERE `option_name` = :param0  | parameters: WPLANG</li>
<li>Executing: ROLLBACK | (no parameters)</li>
</ol>
</div>
<div style="clear:both;margin-bottom:2px;border:red dotted thin;" class="error_message" style="border-bottom:dotted blue thin;">
Error occurred at line 3449 in Function <code>handle_error</code>. Error message was: SQLSTATE[23000]: Integrity constraint violation: 19 NOT NULL constraint failed: wp_options.option_value.
</div>
<p>Backtrace:</p>
<pre>#0 /wordpress/wp-content/mu-plugins/sqlite-database-integration/wp-includes/sqlite/class-wp-sqlite-db.php(287): WP_SQLite_Translator->get_error_message()
#1 /wordpress/wp-includes/class-wpdb.php(3): WP_SQLite_DB->query('UPDATE `wp_opti...')
#2 /wordpress/wp-includes/option.php(2): wpdb->update('wp_options', Array, Array)
#3 /wordpress/wp-admin/options.php(2): update_option('WPLANG', NULL)
#4 {main}</pre>
 for query UPDATE `wp_options` SET `option_value` = NULL WHERE `option_name` = 'WPLANG' made by update_option, WP_SQLite_DB->query, WP_SQLite_DB->print_error
[31-Mar-2024 20:20:25 UTC] PHP Warning:  An unexpected error occurred. Something may be wrong with WordPress.org or this server&#8217;s configuration. If you continue to have problems, please try the <a href="https://wordpress.org/support/forums/">support forums</a>. (WordPress could not establish a secure connection to WordPress.org. Please contact your server administrator.) in /wordpress/wp-admin/includes/translation-install.php on line 2
[01-Apr-2024 17:55:15 UTC] PHP Notice:  An unexpected error occurred. Something may be wrong with WordPress.org or this server&#8217;s configuration. If you continue to have problems, please try the <a href="https://wordpress.org/support/forums/">support forums</a>. (WordPress could not establish a secure connection to WordPress.org. Please contact your server administrator.) in /wordpress/wp-includes/update.php on line 2
[01-Apr-2024 18:34:50 UTC] PHP Fatal error:  Out of memory (allocated 31457280) (tried to allocate 2097152 bytes) in /wordpress/wp-content/plugins/ecommerce-product-catalog/modules/cart/ext/formbuilder/recaptcha/index.php on line 44
[01-Apr-2024 18:34:51 UTC] PHP Fatal error:  Out of memory (allocated 27262976) (tried to allocate 2097152 bytes) in /wordpress/wp-content/plugins/ecommerce-product-catalog/modules/cart/ext/formbuilder/recaptcha/index.php on line 44
[01-Apr-2024 18:34:51 UTC] PHP Fatal error:  Out of memory (allocated 25165824) (tried to allocate 2097152 bytes) in /wordpress/wp-content/plugins/ecommerce-product-catalog/modules/cart/ext/formbuilder/recaptcha/index.php on line 44
[01-Apr-2024 18:34:51 UTC] PHP Fatal error:  Out of memory (allocated 25165824) (tried to allocate 2097152 bytes) in /wordpress/wp-content/plugins/ecommerce-product-catalog/modules/cart/ext/formbuilder/recaptcha/index.php on line 44
[01-Apr-2024 18:34:51 UTC] PHP Fatal error:  Out of memory (allocated 25165824) (tried to allocate 2097152 bytes) in /wordpress/wp-content/plugins/ecommerce-product-catalog/modules/cart/ext/formbuilder/recaptcha/index.php on line 44
[01-Apr-2024 18:34:51 UTC] PHP Fatal error:  Out of memory (allocated 25165824) (tried to allocate 2097152 bytes) in /wordpress/wp-content/plugins/ecommerce-product-catalog/modules/cart/ext/formbuilder/recaptcha/index.php on line 44
[01-Apr-2024 18:34:52 UTC] PHP Fatal error:  Out of memory (allocated 25165824) (tried to allocate 2097152 bytes) in /wordpress/wp-content/plugins/ecommerce-product-catalog/modules/cart/ext/formbuilder/recaptcha/index.php on line 44
[01-Apr-2024 18:34:52 UTC] PHP Fatal error:  Out of memory (allocated 25165824) (tried to allocate 2097152 bytes) in /wordpress/wp-content/plugins/ecommerce-product-catalog/modules/cart/ext/formbuilder/recaptcha/index.php on line 44
[01-Apr-2024 18:34:52 UTC] PHP Fatal error:  Out of memory (allocated 25165824) (tried to allocate 2097152 bytes) in /wordpress/wp-content/plugins/ecommerce-product-catalog/modules/cart/ext/formbuilder/recaptcha/index.php on line 44
[01-Apr-2024 18:34:53 UTC] PHP Fatal error:  Out of memory (allocated 25165824) (tried to allocate 2097152 bytes) in /wordpress/wp-content/plugins/ecommerce-product-catalog/modules/cart/ext/formbuilder/recaptcha/index.php on line 44
[01-Apr-2024 18:34:53 UTC] PHP Fatal error:  Out of memory (allocated 25165824) (tried to allocate 2097152 bytes) in /wordpress/wp-content/plugins/ecommerce-product-catalog/modules/cart/ext/formbuilder/recaptcha/index.php on line 44
[01-Apr-2024 18:34:57 UTC] PHP Fatal error:  Out of memory (allocated 25165824) (tried to allocate 2097152 bytes) in /wordpress/wp-content/plugins/ecommerce-product-catalog/modules/cart/ext/formbuilder/recaptcha/index.php on line 44
[01-Apr-2024 18:34:58 UTC] PHP Fatal error:  Out of memory (allocated 25165824) (tried to allocate 2097152 bytes) in /wordpress/wp-content/plugins/ecommerce-product-catalog/modules/cart/ext/formbuilder/recaptcha/index.php on line 44
[01-Apr-2024 18:34:58 UTC] PHP Fatal error:  Out of memory (allocated 25165824) (tried to allocate 2097152 bytes) in /wordpress/wp-content/plugins/ecommerce-product-catalog/modules/cart/ext/formbuilder/recaptcha/index.php on line 44
[01-Apr-2024 18:35:46 UTC] PHP Fatal error:  Out of memory (allocated 25165824) (tried to allocate 2097152 bytes) in /wordpress/wp-content/plugins/ecommerce-product-catalog/modules/cart/includes/product-status.php on line 119
[01-Apr-2024 18:35:46 UTC] PHP Fatal error:  Out of memory (allocated 25165824) (tried to allocate 32768 bytes) in /wordpress/wp-includes/PHPMailer/PHPMailer.php on line 1
[01-Apr-2024 18:36:46 UTC] PHP Fatal error:  Out of memory (allocated 25165824) (tried to allocate 2097152 bytes) in /wordpress/wp-content/plugins/ecommerce-product-catalog/modules/cart/includes/product-status.php on line 119
[01-Apr-2024 18:37:46 UTC] PHP Fatal error:  Out of memory (allocated 25165824) (tried to allocate 2097152 bytes) in /wordpress/wp-content/plugins/ecommerce-product-catalog/modules/cart/includes/product-status.php on line 119
[01-Apr-2024 18:38:46 UTC] PHP Fatal error:  Out of memory (allocated 25165824) (tried to allocate 2097152 bytes) in /wordpress/wp-content/plugins/ecommerce-product-catalog/modules/cart/includes/product-status.php on line 119
[01-Apr-2024 18:39:46 UTC] PHP Fatal error:  Out of memory (allocated 25165824) (tried to allocate 2097152 bytes) in /wordpress/wp-content/plugins/ecommerce-product-catalog/modules/cart/includes/product-status.php on line 119
[01-Apr-2024 18:40:46 UTC] PHP Fatal error:  Out of memory (allocated 25165824) (tried to allocate 2097152 bytes) in /wordpress/wp-content/plugins/ecommerce-product-catalog/modules/cart/includes/product-status.php on line 119
[01-Apr-2024 18:41:46 UTC] PHP Fatal error:  Out of memory (allocated 25165824) (tried to allocate 2097152 bytes) in /wordpress/wp-content/plugins/ecommerce-product-catalog/modules/cart/includes/product-status.php on line 119
[01-Apr-2024 18:42:46 UTC] PHP Fatal error:  Out of memory (allocated 25165824) (tried to allocate 2097152 bytes) in /wordpress/wp-content/plugins/ecommerce-product-catalog/modules/cart/includes/product-status.php on line 119
[01-Apr-2024 18:43:59 UTC] PHP Fatal error:  Out of memory (allocated 25165824) (tried to allocate 2097152 bytes) in /wordpress/wp-content/plugins/ecommerce-product-catalog/modules/cart/includes/product-status.php on line 119
[01-Apr-2024 18:45:59 UTC] PHP Fatal error:  Out of memory (allocated 25165824) (tried to allocate 2097152 bytes) in /wordpress/wp-content/plugins/ecommerce-product-catalog/modules/cart/includes/product-status.php on line 119
[01-Apr-2024 18:46:12 UTC] PHP Fatal error:  Out of memory (allocated 25165824) (tried to allocate 2097152 bytes) in /wordpress/wp-content/plugins/ecommerce-product-catalog/modules/cart/ext/formbuilder/recaptcha/index.php on line 44
[01-Apr-2024 18:46:40 UTC] PHP Fatal error:  Out of memory (allocated 25165824) (tried to allocate 2097152 bytes) in /wordpress/wp-content/plugins/ecommerce-product-catalog/modules/cart/ext/formbuilder/recaptcha/index.php on line 44
[01-Apr-2024 18:46:55 UTC] PHP Fatal error:  Out of memory (allocated 25165824) (tried to allocate 2097152 bytes) in /wordpress/wp-content/plugins/ecommerce-product-catalog/modules/cart/ext/formbuilder/pluggable.php on line 487
[01-Apr-2024 18:46:59 UTC] PHP Fatal error:  Out of memory (allocated 25165824) (tried to allocate 2097152 bytes) in /wordpress/wp-content/plugins/ecommerce-product-catalog/modules/cart/includes/product-status.php on line 119
[01-Apr-2024 18:59:51 UTC] PHP Notice:  An unexpected error occurred. Something may be wrong with WordPress.org or this server&#8217;s configuration. If you continue to have problems, please try the <a href="https://wordpress.org/support/forums/">support forums</a>. (WordPress could not establish a secure connection to WordPress.org. Please contact your server administrator.) in /wordpress/wp-includes/update.php on line 2
[01-Apr-2024 18:59:58 UTC] PHP Warning:  Undefined array key "wp-global-site-tag-snippets" in /wordpress/wp-content/plugins/wp-global-site-tag/admin/class-wp-global-site-tag-admin.php on line 446
[01-Apr-2024 19:00:09 UTC] PHP Notice:  An unexpected error occurred. Something may be wrong with WordPress.org or this server&#8217;s configuration. If you continue to have problems, please try the <a href="https://wordpress.org/support/forums/">support forums</a>. (WordPress could not establish a secure connection to WordPress.org. Please contact your server administrator.) in /wordpress/wp-admin/includes/plugin-install.php on line 2
[01-Apr-2024 19:00:12 UTC] PHP Notice:  An unexpected error occurred. Something may be wrong with WordPress.org or this server&#8217;s configuration. If you continue to have problems, please try the <a href="https://wordpress.org/support/forums/">support forums</a>. (WordPress could not establish a secure connection to WordPress.org. Please contact your server administrator.) in /wordpress/wp-admin/includes/plugin-install.php on line 2
[01-Apr-2024 19:00:22 UTC] PHP Notice:  An unexpected error occurred. Something may be wrong with WordPress.org or this server&#8217;s configuration. If you continue to have problems, please try the <a href="https://wordpress.org/support/forums/">support forums</a>. (WordPress could not establish a secure connection to WordPress.org. Please contact your server administrator.) in /wordpress/wp-admin/includes/plugin-install.php on line 2
[01-Apr-2024 19:00:31 UTC] PHP Notice:  An unexpected error occurred. Something may be wrong with WordPress.org or this server&#8217;s configuration. If you continue to have problems, please try the <a href="https://wordpress.org/support/forums/">support forums</a>. (WordPress could not establish a secure connection to WordPress.org. Please contact your server administrator.) in /wordpress/wp-admin/includes/plugin-install.php on line 2
[01-Apr-2024 19:00:38 UTC] PHP Notice:  An unexpected error occurred. Something may be wrong with WordPress.org or this server&#8217;s configuration. If you continue to have problems, please try the <a href="https://wordpress.org/support/forums/">support forums</a>. (WordPress could not establish a secure connection to WordPress.org. Please contact your server administrator.) in /wordpress/wp-admin/includes/plugin-install.php on line 2
[01-Apr-2024 19:00:39 UTC] PHP Notice:  An unexpected error occurred. Something may be wrong with WordPress.org or this server&#8217;s configuration. If you continue to have problems, please try the <a href="https://wordpress.org/support/forums/">support forums</a>. (WordPress could not establish a secure connection to WordPress.org. Please contact your server administrator.) in /wordpress/wp-admin/includes/plugin-install.php on line 2
[01-Apr-2024 19:00:40 UTC] PHP Notice:  An unexpected error occurred. Something may be wrong with WordPress.org or this server&#8217;s configuration. If you continue to have problems, please try the <a href="https://wordpress.org/support/forums/">support forums</a>. (WordPress could not establish a secure connection to WordPress.org. Please contact your server administrator.) in /wordpress/wp-admin/includes/plugin-install.php on line 2
[01-Apr-2024 19:00:44 UTC] PHP Notice:  An unexpected error occurred. Something may be wrong with WordPress.org or this server&#8217;s configuration. If you continue to have problems, please try the <a href="https://wordpress.org/support/forums/">support forums</a>. (WordPress could not establish a secure connection to WordPress.org. Please contact your server administrator.) in /wordpress/wp-admin/includes/plugin-install.php on line 2
[01-Apr-2024 19:00:57 UTC] PHP Notice:  An unexpected error occurred. Something may be wrong with WordPress.org or this server&#8217;s configuration. If you continue to have problems, please try the <a href="https://wordpress.org/support/forums/">support forums</a>. (WordPress could not establish a secure connection to WordPress.org. Please contact your server administrator.) in /wordpress/wp-admin/includes/plugin-install.php on line 2
[01-Apr-2024 19:01:05 UTC] PHP Notice:  An unexpected error occurred. Something may be wrong with WordPress.org or this server&#8217;s configuration. If you continue to have problems, please try the <a href="https://wordpress.org/support/forums/">support forums</a>. (WordPress could not establish a secure connection to WordPress.org. Please contact your server administrator.) in /wordpress/wp-admin/includes/plugin-install.php on line 2
[01-Apr-2024 19:01:34 UTC] PHP Warning:  An unexpected error occurred. Something may be wrong with WordPress.org or this server&#8217;s configuration. If you continue to have problems, please try the <a href="https://wordpress.org/support/forums/">support forums</a>. (WordPress could not establish a secure connection to WordPress.org. Please contact your server administrator.) in /wordpress/wp-admin/includes/translation-install.php on line 2
[01-Apr-2024 20:16:36 UTC] PHP Warning:  An unexpected error occurred. Something may be wrong with WordPress.org or this server&#8217;s configuration. If you continue to have problems, please try the <a href="https://wordpress.org/support/forums/">support forums</a>. (WordPress could not establish a secure connection to WordPress.org. Please contact your server administrator.) in /wordpress/wp-admin/includes/translation-install.php on line 2
[01-Apr-2024 20:17:42 UTC] PHP Fatal error:  Out of memory (allocated 35651584) (tried to allocate 249856 bytes) in /wordpress/wp-includes/script-loader.php on line 14
[01-Apr-2024 20:17:46 UTC] PHP Fatal error:  Out of memory (allocated 31457280) (tried to allocate 2097152 bytes) in /wordpress/wp-content/plugins/ecommerce-product-catalog/modules/cart/ext/formbuilder/pluggable.php on line 493
[01-Apr-2024 20:17:47 UTC] PHP Fatal error:  Out of memory (allocated 27262976) (tried to allocate 2097152 bytes) in /wordpress/wp-content/plugins/ecommerce-product-catalog/modules/cart/ext/formbuilder/pluggable.php on line 493
[01-Apr-2024 20:17:48 UTC] PHP Fatal error:  Out of memory (allocated 25165824) (tried to allocate 2097152 bytes) in /wordpress/wp-content/plugins/ecommerce-product-catalog/modules/cart/ext/formbuilder/pluggable.php on line 493
[01-Apr-2024 20:17:48 UTC] PHP Fatal error:  Out of memory (allocated 25165824) (tried to allocate 2097152 bytes) in /wordpress/wp-content/plugins/ecommerce-product-catalog/modules/cart/ext/formbuilder/pluggable.php on line 493
[01-Apr-2024 20:17:49 UTC] PHP Fatal error:  Out of memory (allocated 25165824) (tried to allocate 2097152 bytes) in /wordpress/wp-content/plugins/ecommerce-product-catalog/modules/cart/ext/formbuilder/pluggable.php on line 493
[01-Apr-2024 20:20:51 UTC] PHP Notice:  An unexpected error occurred. Something may be wrong with WordPress.org or this server&#8217;s configuration. If you continue to have problems, please try the <a href="https://wordpress.org/support/forums/">support forums</a>. (WordPress could not establish a secure connection to WordPress.org. Please contact your server administrator.) in /wordpress/wp-includes/update.php on line 2
[01-Apr-2024 20:20:54 UTC] PHP Notice:  An unexpected error occurred. Something may be wrong with WordPress.org or this server&#8217;s configuration. If you continue to have problems, please try the <a href="https://wordpress.org/support/forums/">support forums</a>. (WordPress could not establish a secure connection to WordPress.org. Please contact your server administrator.) in /wordpress/wp-admin/includes/plugin-install.php on line 2
[01-Apr-2024 20:21:01 UTC] PHP Notice:  An unexpected error occurred. Something may be wrong with WordPress.org or this server&#8217;s configuration. If you continue to have problems, please try the <a href="https://wordpress.org/support/forums/">support forums</a>. (WordPress could not establish a secure connection to WordPress.org. Please contact your server administrator.) in /wordpress/wp-admin/includes/plugin-install.php on line 2
[01-Apr-2024 20:21:03 UTC] PHP Notice:  An unexpected error occurred. Something may be wrong with WordPress.org or this server&#8217;s configuration. If you continue to have problems, please try the <a href="https://wordpress.org/support/forums/">support forums</a>. (WordPress could not establish a secure connection to WordPress.org. Please contact your server administrator.) in /wordpress/wp-admin/includes/plugin-install.php on line 2
[01-Apr-2024 20:21:12 UTC] PHP Notice:  An unexpected error occurred. Something may be wrong with WordPress.org or this server&#8217;s configuration. If you continue to have problems, please try the <a href="https://wordpress.org/support/forums/">support forums</a>. (WordPress could not establish a secure connection to WordPress.org. Please contact your server administrator.) in /wordpress/wp-admin/includes/plugin-install.php on line 2
[01-Apr-2024 20:21:13 UTC] PHP Notice:  An unexpected error occurred. Something may be wrong with WordPress.org or this server&#8217;s configuration. If you continue to have problems, please try the <a href="https://wordpress.org/support/forums/">support forums</a>. (WordPress could not establish a secure connection to WordPress.org. Please contact your server administrator.) in /wordpress/wp-admin/includes/plugin-install.php on line 2
[01-Apr-2024 23:04:04 UTC] PHP Warning:  get_headers(): Unable to find the wrapper &quot;https&quot; - did you forget to enable it when you configured PHP? in /wordpress/wp-content/plugins/ecommerce-product-catalog/modules/cart/includes/cart/ic_cached_cart.php on line 47
[01-Apr-2024 23:04:04 UTC] PHP Warning:  get_headers(): This function may only be used against URLs in /wordpress/wp-content/plugins/ecommerce-product-catalog/modules/cart/includes/cart/ic_cached_cart.php on line 47
[01-Apr-2024 23:05:15 UTC] PHP Warning:  get_headers(): Unable to find the wrapper &quot;https&quot; - did you forget to enable it when you configured PHP? in /wordpress/wp-content/plugins/ecommerce-product-catalog/modules/cart/includes/cart/ic_cached_cart.php on line 47
[01-Apr-2024 23:05:15 UTC] PHP Warning:  get_headers(): This function may only be used against URLs in /wordpress/wp-content/plugins/ecommerce-product-catalog/modules/cart/includes/cart/ic_cached_cart.php on line 47
[01-Apr-2024 23:10:52 UTC] PHP Warning:  An unexpected error occurred. Something may be wrong with WordPress.org or this server&#8217;s configuration. If you continue to have problems, please try the <a href="https://wordpress.org/support/forums/">support forums</a>. (WordPress could not establish a secure connection to WordPress.org. Please contact your server administrator.) in /wordpress/wp-admin/includes/translation-install.php on line 2
[01-Apr-2024 23:11:00 UTC] PHP Notice:  An unexpected error occurred. Something may be wrong with WordPress.org or this server&#8217;s configuration. If you continue to have problems, please try the <a href="https://wordpress.org/support/forums/">support forums</a>. (WordPress could not establish a secure connection to WordPress.org. Please contact your server administrator.) in /wordpress/wp-includes/update.php on line 2
[01-Apr-2024 23:21:19 UTC] PHP Fatal error:  Out of memory (allocated 31457280) (tried to allocate 12288 bytes) in /wordpress/wp-admin/includes/template.php on line 358
[01-Apr-2024 23:21:20 UTC] PHP Fatal error:  Out of memory (allocated 29360128) (tried to allocate 2097152 bytes) in /wordpress/wp-content/plugins/ecommerce-product-catalog/modules/cart/ext/formbuilder/pluggable.php on line 123
[01-Apr-2024 23:21:22 UTC] PHP Fatal error:  Out of memory (allocated 27262976) (tried to allocate 2097152 bytes) in /wordpress/wp-content/plugins/ecommerce-product-catalog/modules/cart/ext/formbuilder/pluggable.php on line 123
[02-Apr-2024 00:03:07 UTC] PHP Warning:  get_headers(): https:// wrapper is disabled in the server configuration by allow_url_fopen=0 in /wordpress/wp-content/plugins/ecommerce-product-catalog/modules/cart/includes/cart/ic_cached_cart.php on line 47
[02-Apr-2024 00:03:07 UTC] PHP Warning:  get_headers(): This function may only be used against URLs in /wordpress/wp-content/plugins/ecommerce-product-catalog/modules/cart/includes/cart/ic_cached_cart.php on line 47
[02-Apr-2024 00:23:37 UTC] PHP Warning:  get_headers(): https:// wrapper is disabled in the server configuration by allow_url_fopen=0 in /wordpress/wp-content/plugins/ecommerce-product-catalog/modules/cart/includes/cart/ic_cached_cart.php on line 47
[02-Apr-2024 00:23:37 UTC] PHP Warning:  get_headers(): This function may only be used against URLs in /wordpress/wp-content/plugins/ecommerce-product-catalog/modules/cart/includes/cart/ic_cached_cart.php on line 47
[02-Apr-2024 00:36:59 UTC] PHP Warning:  get_headers(): Unable to find the wrapper &quot;https&quot; - did you forget to enable it when you configured PHP? in /wordpress/wp-content/plugins/ecommerce-product-catalog/modules/cart/includes/cart/ic_cached_cart.php on line 47
[02-Apr-2024 00:36:59 UTC] PHP Warning:  get_headers(): This function may only be used against URLs in /wordpress/wp-content/plugins/ecommerce-product-catalog/modules/cart/includes/cart/ic_cached_cart.php on line 47
[02-Apr-2024 00:37:02 UTC] PHP Warning:  An unexpected error occurred. Something may be wrong with WordPress.org or this server&#8217;s configuration. If you continue to have problems, please try the <a href="https://wordpress.org/support/forums/">support forums</a>. (WordPress could not establish a secure connection to WordPress.org. Please contact your server administrator.) in /wordpress/wp-admin/includes/translation-install.php on line 2
[02-Apr-2024 00:37:36 UTC] PHP Warning:  get_headers(): Unable to find the wrapper &quot;https&quot; - did you forget to enable it when you configured PHP? in /wordpress/wp-content/plugins/ecommerce-product-catalog/modules/cart/includes/cart/ic_cached_cart.php on line 47
[02-Apr-2024 00:37:36 UTC] PHP Warning:  get_headers(): This function may only be used against URLs in /wordpress/wp-content/plugins/ecommerce-product-catalog/modules/cart/includes/cart/ic_cached_cart.php on line 47
[02-Apr-2024 00:37:48 UTC] PHP Warning:  An unexpected error occurred. Something may be wrong with WordPress.org or this server&#8217;s configuration. If you continue to have problems, please try the <a href="https://wordpress.org/support/forums/">support forums</a>. (WordPress could not establish a secure connection to WordPress.org. Please contact your server administrator.) in /wordpress/wp-admin/includes/translation-install.php on line 2
[02-Apr-2024 00:37:56 UTC] PHP Warning:  get_headers(): Unable to find the wrapper &quot;https&quot; - did you forget to enable it when you configured PHP? in /wordpress/wp-content/plugins/ecommerce-product-catalog/modules/cart/includes/cart/ic_cached_cart.php on line 47
[02-Apr-2024 00:37:56 UTC] PHP Warning:  get_headers(): This function may only be used against URLs in /wordpress/wp-content/plugins/ecommerce-product-catalog/modules/cart/includes/cart/ic_cached_cart.php on line 47
[02-Apr-2024 00:38:33 UTC] PHP Notice:  An unexpected error occurred. Something may be wrong with WordPress.org or this server&#8217;s configuration. If you continue to have problems, please try the <a href="https://wordpress.org/support/forums/">support forums</a>. (WordPress could not establish a secure connection to WordPress.org. Please contact your server administrator.) in /wordpress/wp-includes/update.php on line 2
[02-Apr-2024 01:39:38 UTC] PHP Warning:  get_headers(): https:// wrapper is disabled in the server configuration by allow_url_fopen=0 in /wordpress/wp-content/plugins/ecommerce-product-catalog/modules/cart/includes/cart/ic_cached_cart.php on line 47
[02-Apr-2024 01:39:38 UTC] PHP Warning:  get_headers(): This function may only be used against URLs in /wordpress/wp-content/plugins/ecommerce-product-catalog/modules/cart/includes/cart/ic_cached_cart.php on line 47
